Using pre-set license
Built from '2021.1/release' branch; Version is '2021.1.0b12 (5f97ac28ace0) revision 6264748'; Using compiler version '192528614'; Build Type 'Release'
OS: 'Windows 10 Education; OS build 19043.1165; Version 2009; 64bit' Language: 'en' Physical Memory: 16260 MB
BatchMode: 1, IsHumanControllingUs: 0, StartBugReporterOnCrash: 0, Is64bit: 1, IsPro: 0

 COMMAND LINE ARGUMENTS:
C:\Program Files\Unity\Hub\Editor\2021.1.0b12\Editor\Unity.exe
-adb2
-batchMode
-noUpm
-name
AssetImportWorker0
-projectPath
C:/Users/Adrienne/Documents/GitHub/HoloAAC/SecondMenu
-logFile
Logs/AssetImportWorker0.log
-srvPort
49980
Successfully changed project path to: C:/Users/Adrienne/Documents/GitHub/HoloAAC/SecondMenu
C:/Users/Adrienne/Documents/GitHub/HoloAAC/SecondMenu
Using Asset Import Pipeline V2.
Refreshing native plugins compatible for Editor in 148.34 ms, found 12 plugins.
Preloading 1 native plugins for Editor in 1.01 ms.
Initialize engine version: 2021.1.0b12 (5f97ac28ace0)
[Subsystems] Discovering subsystems at path C:/Program Files/Unity/Hub/Editor/2021.1.0b12/Editor/Data/Resources/UnitySubsystems
[Subsystems] Discovering subsystems at path C:/Users/Adrienne/Documents/GitHub/HoloAAC/SecondMenu/Assets
GfxDevice: creating device client; threaded=0; jobified=0
Direct3D:
    Version:  Direct3D 11.0 [level 11.1]
    Renderer: AMD Radeon R9 M370X (ID=0x6821)
    Vendor:   ATI
    VRAM:     2026 MB
    Driver:   15.200.1060.0
Initialize mono
Mono path[0] = 'C:/Program Files/Unity/Hub/Editor/2021.1.0b12/Editor/Data/Managed'
Mono path[1] = 'C:/Program Files/Unity/Hub/Editor/2021.1.0b12/Editor/Data/MonoBleedingEdge/lib/mono/unityjit'
Mono config path = 'C:/Program Files/Unity/Hub/Editor/2021.1.0b12/Editor/Data/MonoBleedingEdge/etc'
Using monoOptions --debugger-agent=transport=dt_socket,embedding=1,server=y,suspend=n,address=127.0.0.1:56048
Begin MonoManager ReloadAssembly
Registering precompiled unity dll's ...
Register platform support module: C:/Program Files/Unity/Hub/Editor/2021.1.0b12/Editor/Data/PlaybackEngines/WindowsStandaloneSupport/UnityEditor.WindowsStandalone.Extensions.dll
Registered in 0.003756 seconds.
Native extension for WindowsStandalone target not found
Refreshing native plugins compatible for Editor in 142.97 ms, found 12 plugins.
Preloading 1 native plugins for Editor in 0.14 ms.
Mono: successfully reloaded assembly
- Completed reload, in  2.167 seconds
Platform modules already initialized, skipping
Registering precompiled user dll's ...
Registered in 0.021934 seconds.
Begin MonoManager ReloadAssembly
Native extension for WindowsStandalone target not found
Refreshing native plugins compatible for Editor in 775.54 ms, found 12 plugins.
Preloading 1 native plugins for Editor in 0.13 ms.
[XR] Error loading subsystem: Display (1) (header mismatch?)
Mono: successfully reloaded assembly
- Completed reload, in  5.430 seconds
Platform modules already initialized, skipping
========================================================================
Worker process is ready to serve import requests
Launched and connected shader compiler UnityShaderCompiler.exe after 0.05 seconds
Refreshing native plugins compatible for Editor in 1.53 ms, found 12 plugins.
Preloading 1 native plugins for Editor in 0.10 ms.
Unloading 4724 Unused Serialized files (Serialized files now loaded: 0)
System memory in use before: 212.6 MB.
System memory in use after: 210.7 MB.

Unloading 2418 unused Assets to reduce memory usage. Loaded Objects now: 4741.
Total: 18.374400 ms (FindLiveObjects: 0.608500 ms CreateObjectMapping: 0.375700 ms MarkObjects: 13.083000 ms  DeleteObjects: 4.305400 ms)

========================================================================
Received Import Request.
  path: Assets/ReadMe.cs
  artifactKey: Guid(fa7b1c311b6d3e24eb6512c2ef66ebaf) Importer(815301076,1909f56bfc062723c751e8b465ee728b)
Start importing Assets/ReadMe.cs using Guid(fa7b1c311b6d3e24eb6512c2ef66ebaf) Importer(815301076,1909f56bfc062723c751e8b465ee728b)  -> (artifact id: '6e0f79cf50309e749dd3e90c76752341') in 0.061404 seconds 
========================================================================
Received Prepare
Registering precompiled user dll's ...
Registered in 0.599155 seconds.
Begin MonoManager ReloadAssembly
Native extension for WindowsStandalone target not found
Refreshing native plugins compatible for Editor in 1.65 ms, found 12 plugins.
Preloading 1 native plugins for Editor in 0.12 ms.
Error when attempting to update scene info fields. Scene info data may be stale.
UnityEngine.StackTraceUtility:ExtractStackTrace ()
UnityEngine.DebugLogHandler:LogFormat (UnityEngine.LogType,UnityEngine.Object,string,object[])
UnityEngine.Logger:Log (UnityEngine.LogType,object)
UnityEngine.Debug:LogWarning (object)
Microsoft.MixedReality.Toolkit.Editor.SceneInfoUtils:RefreshSceneInfoFieldsInScriptableObjects () (at Assets/MRTK/Core/Inspectors/PropertyDrawers/SceneInfoUtils.cs:313)
Microsoft.MixedReality.Toolkit.Editor.SceneInfoUtils:InitializeOnLoad () (at Assets/MRTK/Core/Inspectors/PropertyDrawers/SceneInfoUtils.cs:231)

(Filename: Assets/MRTK/Core/Inspectors/PropertyDrawers/SceneInfoUtils.cs Line: 313)

Mono: successfully reloaded assembly
- Completed reload, in  4.165 seconds
Platform modules already initialized, skipping
Switching build target platform(19) subTarget(0) extendedPlatform(0) -> platform(21) subTarget(3) extendedPlatform(0)
Refreshing native plugins compatible for Editor in 1.59 ms, found 12 plugins.
Preloading 1 native plugins for Editor in 0.12 ms.
Unloading 4619 Unused Serialized files (Serialized files now loaded: 0)
System memory in use before: 207.3 MB.
System memory in use after: 205.1 MB.

Unloading 2411 unused Assets to reduce memory usage. Loaded Objects now: 4745.
Total: 12.730800 ms (FindLiveObjects: 0.966900 ms CreateObjectMapping: 0.584700 ms MarkObjects: 7.799600 ms  DeleteObjects: 3.377300 ms)

========================================================================
Received Import Request.
  Time since last request: 796.531418 seconds.
  path: Assets/ReadMe.cs
  artifactKey: Guid(fa7b1c311b6d3e24eb6512c2ef66ebaf) Importer(815301076,1909f56bfc062723c751e8b465ee728b)
Start importing Assets/ReadMe.cs using Guid(fa7b1c311b6d3e24eb6512c2ef66ebaf) Importer(815301076,1909f56bfc062723c751e8b465ee728b)  -> (artifact id: '7feada91baa00a00b70463a618e6d377') in 0.012828 seconds 
